<?xml version="1.0" encoding="UTF-8"?>
<!-- Generated by org.testng.reporters.JUnitReportReporter -->
<testsuite hostname="harshan-VivoBook-15-ASUS-Laptop-X507UAR" failures="0" tests="1" name="com.inet.testCase.TC_loginTest_001" time="8.376" errors="0" timestamp="2023-09-24T16:17:37 IST" skipped="0">
  <testcase classname="com.inet.testCase.TC_loginTest_001" name="test1" time="8.376"/>
</testsuite> <!-- com.inet.testCase.TC_loginTest_001 -->
