<?xml version="1.0" encoding="UTF-8"?>
<!-- Generated by org.testng.reporters.JUnitReportReporter -->
<<<<<<< HEAD
<testsuite hostname="harshan-VivoBook-15-ASUS-Laptop-X507UAR" failures="0" tests="1" name="com.inet.testCase.TC_loginTest_001" time="2.127" errors="0" timestamp="2023-09-24T00:26:54 IST" skipped="0">
  <testcase classname="com.inet.testCase.TC_loginTest_001" name="test1" time="2.127"/>
=======
<testsuite hostname="harshan-VivoBook-15-ASUS-Laptop-X507UAR" failures="0" tests="1" name="com.inet.testCase.TC_loginTest_001" time="2.031" errors="0" timestamp="2023-09-23T01:01:41 IST" skipped="0">
  <testcase classname="com.inet.testCase.TC_loginTest_001" name="test1" time="2.031"/>
>>>>>>> 67952964a7bfd36262abad7b722635cb29759035
</testsuite> <!-- com.inet.testCase.TC_loginTest_001 -->
