<?xml version="1.0" encoding="UTF-8"?>
<!-- Generated by org.testng.reporters.JUnitReportReporter -->
<testsuite hostname="harshan-VivoBook-15-ASUS-Laptop-X507UAR" failures="0" tests="1" name="com.inet.testCase.login1" time="0.020" errors="0" timestamp="2023-09-17T13:36:35 IST" skipped="0">
  <testcase classname="com.inet.testCase.login1" name="test1" time="0.020"/>
</testsuite> <!-- com.inet.testCase.login1 -->
